ARM GAS  C:\Users\gaeta\AppData\Local\Temp\cclFtVJX.s 			page 1


   1              		.syntax unified
   2              		.cpu cortex-m3
   3              		.fpu softvfp
   4              		.eabi_attribute 20, 1
   5              		.eabi_attribute 21, 1
   6              		.eabi_attribute 23, 3
   7              		.eabi_attribute 24, 1
   8              		.eabi_attribute 25, 1
   9              		.eabi_attribute 26, 1
  10              		.eabi_attribute 30, 1
  11              		.eabi_attribute 34, 1
  12              		.eabi_attribute 18, 4
  13              		.thumb
  14              		.syntax unified
  15              		.file	"main.c"
  16              		.text
  17              	.Ltext0:
  18              		.cfi_sections	.debug_frame
  19              		.section	.text.main,"ax",%progbits
  20              		.align	2
  21              		.global	main
  22              		.thumb
  23              		.thumb_func
  24              		.type	main, %function
  25              	main:
  26              	.LFB64:
  27              		.file 1 "main.c"
   1:main.c        **** /**
   2:main.c        **** * \brief Main source file for the I2C-Master project.
   3:main.c        **** *
   4:main.c        **** * In this project we set up a I2C master device with
   5:main.c        **** * to understand the I2C protocol and communicate with a
   6:main.c        **** * a I2C Slave device (LIS3DH Accelerometer).
   7:main.c        **** *
   8:main.c        **** * \author Gabriele Belotti
   9:main.c        **** * \date , 2020
  10:main.c        **** */
  11:main.c        **** 
  12:main.c        **** // Include required header files
  13:main.c        **** #include "I2C_Interface.h"
  14:main.c        **** #include "project.h"
  15:main.c        **** #include "stdio.h"
  16:main.c        **** 
  17:main.c        **** /**
  18:main.c        **** *   \brief 7-bit I2C address of the slave device.
  19:main.c        **** */
  20:main.c        **** #define LIS3DH_DEVICE_ADDRESS 0x18
  21:main.c        **** 
  22:main.c        **** /**
  23:main.c        **** *   \brief Address of the WHO AM I register
  24:main.c        **** */
  25:main.c        **** #define LIS3DH_WHO_AM_I_REG_ADDR 0x0F
  26:main.c        **** 
  27:main.c        **** /**
  28:main.c        **** *   \brief Address of the Status register
  29:main.c        **** */
  30:main.c        **** #define LIS3DH_STATUS_REG 0x27
ARM GAS  C:\Users\gaeta\AppData\Local\Temp\cclFtVJX.s 			page 2


  31:main.c        **** 
  32:main.c        **** /**
  33:main.c        **** *   \brief Address of the Control register 1
  34:main.c        **** */
  35:main.c        **** #define LIS3DH_CTRL_REG1 0x20
  36:main.c        **** 
  37:main.c        **** /**
  38:main.c        **** *   \brief Hex value to set normal mode at 100 Hz to the accelerator
  39:main.c        **** */
  40:main.c        **** #define LIS3DH_NORMAL_MODE_100HZ_CTRL_REG1 0x57
  41:main.c        **** 
  42:main.c        **** /**
  43:main.c        **** *   \brief Address of the Control register 4
  44:main.c        **** */
  45:main.c        **** #define LIS3DH_CTRL_REG4 0x23  
  46:main.c        **** 
  47:main.c        **** // For the normal mode at 100 Hz and ±2.0 g FSR, Hex value is 0x00 (default)
  48:main.c        **** 
  49:main.c        **** /**
  50:main.c        **** *   \brief Address of the X-axis acceleration data output LSB register
  51:main.c        **** */
  52:main.c        **** #define LIS3DH_OUT_X_L 0x28
  53:main.c        **** /**
  54:main.c        **** *   \brief Address of the Y-axis acceleration data output LSB register
  55:main.c        **** */
  56:main.c        **** #define LIS3DH_OUT_Y_L 0x2A
  57:main.c        **** /**
  58:main.c        **** *   \brief Address of the Z-axis acceleration data output LSB register
  59:main.c        **** */
  60:main.c        **** #define LIS3DH_OUT_Z_L 0x2C
  61:main.c        **** 
  62:main.c        **** //Thanks to the MultiRead function we don't need to specify the MSB registers Address
  63:main.c        **** 
  64:main.c        **** int main(void)
  65:main.c        **** {
  28              		.loc 1 65 0
  29              		.cfi_startproc
  30              		@ args = 0, pretend = 0, frame = 56
  31              		@ frame_needed = 0, uses_anonymous_args = 0
  32 0000 10B5     		push	{r4, lr}
  33              		.cfi_def_cfa_offset 8
  34              		.cfi_offset 4, -8
  35              		.cfi_offset 14, -4
  36 0002 8EB0     		sub	sp, sp, #56
  37              		.cfi_def_cfa_offset 64
  66:main.c        ****     CyGlobalIntEnable; /* Enable global interrupts. */
  38              		.loc 1 66 0
  39              		.syntax unified
  40              	@ 66 "main.c" 1
  41 0004 62B6     		CPSIE   i
  42              	@ 0 "" 2
  67:main.c        **** 
  68:main.c        ****     /* Place your initialization/startup code here (e.g. MyInst_Start()) */
  69:main.c        ****     I2C_Peripheral_Start();
  43              		.loc 1 69 0
  44              		.thumb
  45              		.syntax unified
ARM GAS  C:\Users\gaeta\AppData\Local\Temp\cclFtVJX.s 			page 3


  46 0006 FFF7FEFF 		bl	I2C_Peripheral_Start
  47              	.LVL0:
  70:main.c        ****     UART_Debug_Start();
  48              		.loc 1 70 0
  49 000a FFF7FEFF 		bl	UART_Debug_Start
  50              	.LVL1:
  71:main.c        ****     
  72:main.c        ****     CyDelay(5); //"The boot procedure is complete about 5 milliseconds after device power-up."
  51              		.loc 1 72 0
  52 000e 0520     		movs	r0, #5
  53 0010 FFF7FEFF 		bl	CyDelay
  54              	.LVL2:
  55              	.LBB2:
  73:main.c        ****     
  74:main.c        ****     // String to print out messages on the UART
  75:main.c        ****     char message[50];
  76:main.c        **** 
  77:main.c        ****     // Check which devices are present on the I2C bus
  78:main.c        ****     for (int i = 0 ; i < 128; i++)
  56              		.loc 1 78 0
  57 0014 0024     		movs	r4, #0
  58 0016 0CE0     		b	.L2
  59              	.LVL3:
  60              	.L4:
  79:main.c        ****     {
  80:main.c        ****         if (I2C_Peripheral_IsDeviceConnected(i))
  61              		.loc 1 80 0
  62 0018 E0B2     		uxtb	r0, r4
  63 001a FFF7FEFF 		bl	I2C_Peripheral_IsDeviceConnected
  64              	.LVL4:
  65 001e 38B1     		cbz	r0, .L3
  81:main.c        ****         {
  82:main.c        ****             // print out the address is hex format
  83:main.c        ****             sprintf(message, "Device 0x%02X is connected\r\n", i);
  66              		.loc 1 83 0
  67 0020 2246     		mov	r2, r4
  68 0022 3D49     		ldr	r1, .L17
  69 0024 01A8     		add	r0, sp, #4
  70 0026 FFF7FEFF 		bl	sprintf
  71              	.LVL5:
  84:main.c        ****             UART_Debug_PutString(message); 
  72              		.loc 1 84 0
  73 002a 01A8     		add	r0, sp, #4
  74 002c FFF7FEFF 		bl	UART_Debug_PutString
  75              	.LVL6:
  76              	.L3:
  78:main.c        ****     {
  77              		.loc 1 78 0 discriminator 2
  78 0030 0134     		adds	r4, r4, #1
  79              	.LVL7:
  80              	.L2:
  78:main.c        ****     {
  81              		.loc 1 78 0 is_stmt 0 discriminator 1
  82 0032 7F2C     		cmp	r4, #127
  83 0034 F0DD     		ble	.L4
  84              	.LBE2:
  85:main.c        ****         }
ARM GAS  C:\Users\gaeta\AppData\Local\Temp\cclFtVJX.s 			page 4


  86:main.c        ****         
  87:main.c        ****     }
  88:main.c        ****     
  89:main.c        ****     /******************************************/
  90:main.c        ****     /*            I2C Reading                 */
  91:main.c        ****     /******************************************/
  92:main.c        ****     
  93:main.c        ****     /* Read WHO AM I REGISTER register */
  94:main.c        ****     uint8_t who_am_i_reg;
  95:main.c        ****     ErrorCode error = I2C_Peripheral_ReadRegister(LIS3DH_DEVICE_ADDRESS,
  85              		.loc 1 95 0 is_stmt 1
  86 0036 0DF10302 		add	r2, sp, #3
  87 003a 0F21     		movs	r1, #15
  88 003c 1820     		movs	r0, #24
  89 003e FFF7FEFF 		bl	I2C_Peripheral_ReadRegister
  90              	.LVL8:
  96:main.c        ****                                                   LIS3DH_WHO_AM_I_REG_ADDR, 
  97:main.c        ****                                                   &who_am_i_reg);
  98:main.c        ****     if (error == NO_ERROR)
  91              		.loc 1 98 0
  92 0042 48B9     		cbnz	r0, .L5
  99:main.c        ****     {
 100:main.c        ****         sprintf(message, "WHO AM I REG: 0x%02X [Expected: 0x33]\r\n", who_am_i_reg);
  93              		.loc 1 100 0
  94 0044 9DF80320 		ldrb	r2, [sp, #3]	@ zero_extendqisi2
  95 0048 3449     		ldr	r1, .L17+4
  96 004a 01A8     		add	r0, sp, #4
  97              	.LVL9:
  98 004c FFF7FEFF 		bl	sprintf
  99              	.LVL10:
 101:main.c        ****         UART_Debug_PutString(message); 
 100              		.loc 1 101 0
 101 0050 01A8     		add	r0, sp, #4
 102 0052 FFF7FEFF 		bl	UART_Debug_PutString
 103              	.LVL11:
 104 0056 02E0     		b	.L6
 105              	.LVL12:
 106              	.L5:
 102:main.c        ****     }
 103:main.c        ****     else
 104:main.c        ****     {
 105:main.c        ****         UART_Debug_PutString("Error occurred during I2C comm\r\n");   
 107              		.loc 1 105 0
 108 0058 3148     		ldr	r0, .L17+8
 109              	.LVL13:
 110 005a FFF7FEFF 		bl	UART_Debug_PutString
 111              	.LVL14:
 112              	.L6:
 106:main.c        ****     }
 107:main.c        ****     
 108:main.c        ****     
 109:main.c        ****     /******************************************/
 110:main.c        ****     /*        Read Control Register 1         */
 111:main.c        ****     /******************************************/
 112:main.c        ****     uint8_t ctrl_reg1; 
 113:main.c        ****     error = I2C_Peripheral_ReadRegister(LIS3DH_DEVICE_ADDRESS,
 113              		.loc 1 113 0
ARM GAS  C:\Users\gaeta\AppData\Local\Temp\cclFtVJX.s 			page 5


 114 005e 0DF10202 		add	r2, sp, #2
 115 0062 2021     		movs	r1, #32
 116 0064 1820     		movs	r0, #24
 117 0066 FFF7FEFF 		bl	I2C_Peripheral_ReadRegister
 118              	.LVL15:
 114:main.c        ****                                         LIS3DH_CTRL_REG1,
 115:main.c        ****                                         &ctrl_reg1);
 116:main.c        ****     
 117:main.c        ****     if (error == NO_ERROR)
 119              		.loc 1 117 0
 120 006a 48B9     		cbnz	r0, .L7
 118:main.c        ****     {
 119:main.c        ****         sprintf(message, "CONTROL REGISTER 1: 0x%02X\r\n", ctrl_reg1);
 121              		.loc 1 119 0
 122 006c 9DF80220 		ldrb	r2, [sp, #2]	@ zero_extendqisi2
 123 0070 2C49     		ldr	r1, .L17+12
 124 0072 01A8     		add	r0, sp, #4
 125              	.LVL16:
 126 0074 FFF7FEFF 		bl	sprintf
 127              	.LVL17:
 120:main.c        ****         UART_Debug_PutString(message); 
 128              		.loc 1 120 0
 129 0078 01A8     		add	r0, sp, #4
 130 007a FFF7FEFF 		bl	UART_Debug_PutString
 131              	.LVL18:
 132 007e 02E0     		b	.L8
 133              	.LVL19:
 134              	.L7:
 121:main.c        ****     }
 122:main.c        ****     else
 123:main.c        ****     {
 124:main.c        ****         UART_Debug_PutString("Error occurred during I2C comm to read control register 1\r\n");   
 135              		.loc 1 124 0
 136 0080 2948     		ldr	r0, .L17+16
 137              	.LVL20:
 138 0082 FFF7FEFF 		bl	UART_Debug_PutString
 139              	.LVL21:
 140              	.L8:
 125:main.c        ****     }
 126:main.c        ****     
 127:main.c        ****     /******************************************/
 128:main.c        ****     /*            I2C Writing                 */
 129:main.c        ****     /******************************************/
 130:main.c        ****     
 131:main.c        ****         
 132:main.c        ****     UART_Debug_PutString("\r\nWriting new values..\r\n");
 141              		.loc 1 132 0
 142 0086 2948     		ldr	r0, .L17+20
 143 0088 FFF7FEFF 		bl	UART_Debug_PutString
 144              	.LVL22:
 133:main.c        ****     
 134:main.c        ****     if (ctrl_reg1 != LIS3DH_NORMAL_MODE_100HZ_CTRL_REG1)
 145              		.loc 1 134 0
 146 008c 9DF80230 		ldrb	r3, [sp, #2]	@ zero_extendqisi2
 147 0090 572B     		cmp	r3, #87
 148 0092 14D0     		beq	.L9
 135:main.c        ****     {
ARM GAS  C:\Users\gaeta\AppData\Local\Temp\cclFtVJX.s 			page 6


 136:main.c        ****         ctrl_reg1 = LIS3DH_NORMAL_MODE_100HZ_CTRL_REG1;
 149              		.loc 1 136 0
 150 0094 5722     		movs	r2, #87
 151 0096 8DF80220 		strb	r2, [sp, #2]
 137:main.c        ****     
 138:main.c        ****         error = I2C_Peripheral_WriteRegister(LIS3DH_DEVICE_ADDRESS,
 152              		.loc 1 138 0
 153 009a 2021     		movs	r1, #32
 154 009c 1820     		movs	r0, #24
 155 009e FFF7FEFF 		bl	I2C_Peripheral_WriteRegister
 156              	.LVL23:
 139:main.c        ****                                              LIS3DH_CTRL_REG1,
 140:main.c        ****                                              ctrl_reg1);
 141:main.c        ****     
 142:main.c        ****         if (error == NO_ERROR)
 157              		.loc 1 142 0
 158 00a2 48B9     		cbnz	r0, .L10
 143:main.c        ****         {
 144:main.c        ****             sprintf(message, "CONTROL REGISTER 1 successfully written as: 0x%02X\r\n", ctrl_reg1);
 159              		.loc 1 144 0
 160 00a4 9DF80220 		ldrb	r2, [sp, #2]	@ zero_extendqisi2
 161 00a8 2149     		ldr	r1, .L17+24
 162 00aa 01A8     		add	r0, sp, #4
 163              	.LVL24:
 164 00ac FFF7FEFF 		bl	sprintf
 165              	.LVL25:
 145:main.c        ****             UART_Debug_PutString(message); 
 166              		.loc 1 145 0
 167 00b0 01A8     		add	r0, sp, #4
 168 00b2 FFF7FEFF 		bl	UART_Debug_PutString
 169              	.LVL26:
 170 00b6 02E0     		b	.L9
 171              	.LVL27:
 172              	.L10:
 146:main.c        ****         }
 147:main.c        ****         else
 148:main.c        ****         {
 149:main.c        ****             UART_Debug_PutString("Error occurred during I2C comm to set control register 1\r\n");  
 173              		.loc 1 149 0
 174 00b8 1E48     		ldr	r0, .L17+28
 175              	.LVL28:
 176 00ba FFF7FEFF 		bl	UART_Debug_PutString
 177              	.LVL29:
 178              	.L9:
 150:main.c        ****         }
 151:main.c        ****     }
 152:main.c        ****     
 153:main.c        ****     /******************************************/
 154:main.c        ****     /*     Read Control Register 1 again      */
 155:main.c        ****     /******************************************/
 156:main.c        **** 
 157:main.c        ****     error = I2C_Peripheral_ReadRegister(LIS3DH_DEVICE_ADDRESS,
 179              		.loc 1 157 0
 180 00be 0DF10202 		add	r2, sp, #2
 181 00c2 2021     		movs	r1, #32
 182 00c4 1820     		movs	r0, #24
 183 00c6 FFF7FEFF 		bl	I2C_Peripheral_ReadRegister
ARM GAS  C:\Users\gaeta\AppData\Local\Temp\cclFtVJX.s 			page 7


 184              	.LVL30:
 158:main.c        ****                                         LIS3DH_CTRL_REG1,
 159:main.c        ****                                         &ctrl_reg1);
 160:main.c        ****     
 161:main.c        ****     if (error == NO_ERROR)
 185              		.loc 1 161 0
 186 00ca 48B9     		cbnz	r0, .L11
 162:main.c        ****     {
 163:main.c        ****         sprintf(message, "CONTROL REGISTER 1 after overwrite operation: 0x%02X\r\n", ctrl_reg1);
 187              		.loc 1 163 0
 188 00cc 9DF80220 		ldrb	r2, [sp, #2]	@ zero_extendqisi2
 189 00d0 1949     		ldr	r1, .L17+32
 190 00d2 01A8     		add	r0, sp, #4
 191              	.LVL31:
 192 00d4 FFF7FEFF 		bl	sprintf
 193              	.LVL32:
 164:main.c        ****         UART_Debug_PutString(message); 
 194              		.loc 1 164 0
 195 00d8 01A8     		add	r0, sp, #4
 196 00da FFF7FEFF 		bl	UART_Debug_PutString
 197              	.LVL33:
 198 00de 02E0     		b	.L12
 199              	.LVL34:
 200              	.L11:
 165:main.c        ****     }
 166:main.c        ****     else
 167:main.c        ****     {
 168:main.c        ****         UART_Debug_PutString("Error occurred during I2C comm to read control register 1\r\n");   
 201              		.loc 1 168 0
 202 00e0 1148     		ldr	r0, .L17+16
 203              	.LVL35:
 204 00e2 FFF7FEFF 		bl	UART_Debug_PutString
 205              	.LVL36:
 206              	.L12:
 169:main.c        ****     }
 170:main.c        ****     
 171:main.c        ****     /*      I2C Reading Status Register       */
 172:main.c        ****     
 173:main.c        ****     uint8_t status_register; 
 174:main.c        ****     error = I2C_Peripheral_ReadRegister(LIS3DH_DEVICE_ADDRESS,
 207              		.loc 1 174 0
 208 00e6 0DF10102 		add	r2, sp, #1
 209 00ea 2721     		movs	r1, #39
 210 00ec 1820     		movs	r0, #24
 211 00ee FFF7FEFF 		bl	I2C_Peripheral_ReadRegister
 212              	.LVL37:
 175:main.c        ****                                         LIS3DH_STATUS_REG,
 176:main.c        ****                                         &status_register);
 177:main.c        ****     
 178:main.c        ****     if (error == NO_ERROR)
 213              		.loc 1 178 0
 214 00f2 48B9     		cbnz	r0, .L13
 179:main.c        ****     {
 180:main.c        ****         sprintf(message, "STATUS REGISTER: 0x%02X\r\n", status_register);
 215              		.loc 1 180 0
 216 00f4 9DF80120 		ldrb	r2, [sp, #1]	@ zero_extendqisi2
 217 00f8 1049     		ldr	r1, .L17+36
ARM GAS  C:\Users\gaeta\AppData\Local\Temp\cclFtVJX.s 			page 8


 218 00fa 01A8     		add	r0, sp, #4
 219              	.LVL38:
 220 00fc FFF7FEFF 		bl	sprintf
 221              	.LVL39:
 181:main.c        ****         UART_Debug_PutString(message); 
 222              		.loc 1 181 0
 223 0100 01A8     		add	r0, sp, #4
 224 0102 FFF7FEFF 		bl	UART_Debug_PutString
 225              	.LVL40:
 226 0106 02E0     		b	.L15
 227              	.LVL41:
 228              	.L13:
 182:main.c        ****     }
 183:main.c        ****     else
 184:main.c        ****     {
 185:main.c        ****         UART_Debug_PutString("Error occurred during I2C comm to read status register\r\n");   
 229              		.loc 1 185 0
 230 0108 0D48     		ldr	r0, .L17+40
 231              	.LVL42:
 232 010a FFF7FEFF 		bl	UART_Debug_PutString
 233              	.LVL43:
 234              	.L15:
 186:main.c        ****     }
 187:main.c        ****     
 188:main.c        ****     /*
 189:main.c        ****     int16_t OutX,OutY,OutZ;
 190:main.c        ****     
 191:main.c        ****     uint8_t header = 0xA0;
 192:main.c        ****     uint8_t footer = 0xC0;
 193:main.c        ****     uint8_t OutArray[4]; 
 194:main.c        ****     uint8_t XData[2],YData[2],ZData[2];
 195:main.c        ****     OutArray[0] = header;
 196:main.c        ****     OutArray[3] = footer;
 197:main.c        ****     */
 198:main.c        ****     for(;;)
 199:main.c        ****     {
 200:main.c        ****         CyDelay(100); 
 235              		.loc 1 200 0 discriminator 1
 236 010e 6420     		movs	r0, #100
 237 0110 FFF7FEFF 		bl	CyDelay
 238              	.LVL44:
 239 0114 FBE7     		b	.L15
 240              	.L18:
 241 0116 00BF     		.align	2
 242              	.L17:
 243 0118 00000000 		.word	.LC0
 244 011c 20000000 		.word	.LC1
 245 0120 48000000 		.word	.LC2
 246 0124 6C000000 		.word	.LC3
 247 0128 8C000000 		.word	.LC4
 248 012c C8000000 		.word	.LC5
 249 0130 E4000000 		.word	.LC6
 250 0134 1C010000 		.word	.LC7
 251 0138 58010000 		.word	.LC8
 252 013c 90010000 		.word	.LC9
 253 0140 AC010000 		.word	.LC10
 254              		.cfi_endproc
ARM GAS  C:\Users\gaeta\AppData\Local\Temp\cclFtVJX.s 			page 9


 255              	.LFE64:
 256              		.size	main, .-main
 257              		.section	.rodata.str1.4,"aMS",%progbits,1
 258              		.align	2
 259              	.LC0:
 260 0000 44657669 		.ascii	"Device 0x%02X is connected\015\012\000"
 260      63652030 
 260      78253032 
 260      58206973 
 260      20636F6E 
 261 001d 000000   		.space	3
 262              	.LC1:
 263 0020 57484F20 		.ascii	"WHO AM I REG: 0x%02X [Expected: 0x33]\015\012\000"
 263      414D2049 
 263      20524547 
 263      3A203078 
 263      25303258 
 264              	.LC2:
 265 0048 4572726F 		.ascii	"Error occurred during I2C comm\015\012\000"
 265      72206F63 
 265      63757272 
 265      65642064 
 265      7572696E 
 266 0069 000000   		.space	3
 267              	.LC3:
 268 006c 434F4E54 		.ascii	"CONTROL REGISTER 1: 0x%02X\015\012\000"
 268      524F4C20 
 268      52454749 
 268      53544552 
 268      20313A20 
 269 0089 000000   		.space	3
 270              	.LC4:
 271 008c 4572726F 		.ascii	"Error occurred during I2C comm to read control regi"
 271      72206F63 
 271      63757272 
 271      65642064 
 271      7572696E 
 272 00bf 73746572 		.ascii	"ster 1\015\012\000"
 272      20310D0A 
 272      00
 273              	.LC5:
 274 00c8 0D0A5772 		.ascii	"\015\012Writing new values..\015\012\000"
 274      6974696E 
 274      67206E65 
 274      77207661 
 274      6C756573 
 275 00e1 000000   		.space	3
 276              	.LC6:
 277 00e4 434F4E54 		.ascii	"CONTROL REGISTER 1 successfully written as: 0x%02X\015"
 277      524F4C20 
 277      52454749 
 277      53544552 
 277      20312073 
 278 0117 0A00     		.ascii	"\012\000"
 279 0119 000000   		.space	3
 280              	.LC7:
 281 011c 4572726F 		.ascii	"Error occurred during I2C comm to set control regis"
ARM GAS  C:\Users\gaeta\AppData\Local\Temp\cclFtVJX.s 			page 10


 281      72206F63 
 281      63757272 
 281      65642064 
 281      7572696E 
 282 014f 74657220 		.ascii	"ter 1\015\012\000"
 282      310D0A00 
 283 0157 00       		.space	1
 284              	.LC8:
 285 0158 434F4E54 		.ascii	"CONTROL REGISTER 1 after overwrite operation: 0x%02"
 285      524F4C20 
 285      52454749 
 285      53544552 
 285      20312061 
 286 018b 580D0A00 		.ascii	"X\015\012\000"
 287 018f 00       		.space	1
 288              	.LC9:
 289 0190 53544154 		.ascii	"STATUS REGISTER: 0x%02X\015\012\000"
 289      55532052 
 289      45474953 
 289      5445523A 
 289      20307825 
 290 01aa 0000     		.space	2
 291              	.LC10:
 292 01ac 4572726F 		.ascii	"Error occurred during I2C comm to read status regis"
 292      72206F63 
 292      63757272 
 292      65642064 
 292      7572696E 
 293 01df 7465720D 		.ascii	"ter\015\012\000"
 293      0A00
 294              		.text
 295              	.Letext0:
 296              		.file 2 "c:\\program files (x86)\\cypress\\psoc creator\\4.3\\psoc creator\\import\\gnu\\arm\\5.4.
 297              		.file 3 "c:\\program files (x86)\\cypress\\psoc creator\\4.3\\psoc creator\\import\\gnu\\arm\\5.4.
 298              		.file 4 "ErrorCodes.h"
 299              		.file 5 "I2C_Interface.h"
 300              		.file 6 "c:\\program files (x86)\\cypress\\psoc creator\\4.3\\psoc creator\\import\\gnu\\arm\\5.4.
 301              		.file 7 "Generated_Source\\PSoC5/UART_Debug.h"
 302              		.file 8 "Generated_Source\\PSoC5/CyLib.h"
 303              		.file 9 "Generated_Source\\PSoC5/core_cm3.h"
 304              		.section	.debug_info,"",%progbits
 305              	.Ldebug_info0:
 306 0000 65040000 		.4byte	0x465
 307 0004 0400     		.2byte	0x4
 308 0006 00000000 		.4byte	.Ldebug_abbrev0
 309 000a 04       		.byte	0x4
 310 000b 01       		.uleb128 0x1
 311 000c AA000000 		.4byte	.LASF34
 312 0010 0C       		.byte	0xc
 313 0011 24020000 		.4byte	.LASF35
 314 0015 50000000 		.4byte	.LASF36
 315 0019 00000000 		.4byte	.Ldebug_ranges0+0
 316 001d 00000000 		.4byte	0
 317 0021 00000000 		.4byte	.Ldebug_line0
 318 0025 02       		.uleb128 0x2
 319 0026 01       		.byte	0x1
 320 0027 06       		.byte	0x6
ARM GAS  C:\Users\gaeta\AppData\Local\Temp\cclFtVJX.s 			page 11


 321 0028 71020000 		.4byte	.LASF0
 322 002c 03       		.uleb128 0x3
 323 002d 08000000 		.4byte	.LASF4
 324 0031 02       		.byte	0x2
 325 0032 1D       		.byte	0x1d
 326 0033 37000000 		.4byte	0x37
 327 0037 02       		.uleb128 0x2
 328 0038 01       		.byte	0x1
 329 0039 08       		.byte	0x8
 330 003a 9C000000 		.4byte	.LASF1
 331 003e 02       		.uleb128 0x2
 332 003f 02       		.byte	0x2
 333 0040 05       		.byte	0x5
 334 0041 4C020000 		.4byte	.LASF2
 335 0045 02       		.uleb128 0x2
 336 0046 02       		.byte	0x2
 337 0047 07       		.byte	0x7
 338 0048 4A010000 		.4byte	.LASF3
 339 004c 03       		.uleb128 0x3
 340 004d 33000000 		.4byte	.LASF5
 341 0051 02       		.byte	0x2
 342 0052 3F       		.byte	0x3f
 343 0053 57000000 		.4byte	0x57
 344 0057 02       		.uleb128 0x2
 345 0058 04       		.byte	0x4
 346 0059 05       		.byte	0x5
 347 005a 3D000000 		.4byte	.LASF6
 348 005e 02       		.uleb128 0x2
 349 005f 04       		.byte	0x4
 350 0060 07       		.byte	0x7
 351 0061 38010000 		.4byte	.LASF7
 352 0065 02       		.uleb128 0x2
 353 0066 08       		.byte	0x8
 354 0067 05       		.byte	0x5
 355 0068 05020000 		.4byte	.LASF8
 356 006c 02       		.uleb128 0x2
 357 006d 08       		.byte	0x8
 358 006e 07       		.byte	0x7
 359 006f BF010000 		.4byte	.LASF9
 360 0073 04       		.uleb128 0x4
 361 0074 04       		.byte	0x4
 362 0075 05       		.byte	0x5
 363 0076 696E7400 		.ascii	"int\000"
 364 007a 02       		.uleb128 0x2
 365 007b 04       		.byte	0x4
 366 007c 07       		.byte	0x7
 367 007d B2010000 		.4byte	.LASF10
 368 0081 03       		.uleb128 0x3
 369 0082 D6010000 		.4byte	.LASF11
 370 0086 03       		.byte	0x3
 371 0087 18       		.byte	0x18
 372 0088 2C000000 		.4byte	0x2c
 373 008c 03       		.uleb128 0x3
 374 008d EE010000 		.4byte	.LASF12
 375 0091 03       		.byte	0x3
 376 0092 2C       		.byte	0x2c
 377 0093 4C000000 		.4byte	0x4c
ARM GAS  C:\Users\gaeta\AppData\Local\Temp\cclFtVJX.s 			page 12


 378 0097 02       		.uleb128 0x2
 379 0098 04       		.byte	0x4
 380 0099 04       		.byte	0x4
 381 009a 96000000 		.4byte	.LASF13
 382 009e 02       		.uleb128 0x2
 383 009f 08       		.byte	0x8
 384 00a0 04       		.byte	0x4
 385 00a1 6A010000 		.4byte	.LASF14
 386 00a5 02       		.uleb128 0x2
 387 00a6 01       		.byte	0x1
 388 00a7 08       		.byte	0x8
 389 00a8 2B020000 		.4byte	.LASF15
 390 00ac 05       		.uleb128 0x5
 391 00ad 01       		.byte	0x1
 392 00ae 37000000 		.4byte	0x37
 393 00b2 04       		.byte	0x4
 394 00b3 15       		.byte	0x15
 395 00b4 C5000000 		.4byte	0xc5
 396 00b8 06       		.uleb128 0x6
 397 00b9 56020000 		.4byte	.LASF16
 398 00bd 00       		.byte	0
 399 00be 06       		.uleb128 0x6
 400 00bf 5F020000 		.4byte	.LASF17
 401 00c3 01       		.byte	0x1
 402 00c4 00       		.byte	0
 403 00c5 03       		.uleb128 0x3
 404 00c6 46000000 		.4byte	.LASF18
 405 00ca 04       		.byte	0x4
 406 00cb 18       		.byte	0x18
 407 00cc AC000000 		.4byte	0xac
 408 00d0 02       		.uleb128 0x2
 409 00d1 08       		.byte	0x8
 410 00d2 04       		.byte	0x4
 411 00d3 65020000 		.4byte	.LASF19
 412 00d7 02       		.uleb128 0x2
 413 00d8 04       		.byte	0x4
 414 00d9 07       		.byte	0x7
 415 00da F6010000 		.4byte	.LASF20
 416 00de 07       		.uleb128 0x7
 417 00df A3010000 		.4byte	.LASF37
 418 00e3 01       		.byte	0x1
 419 00e4 40       		.byte	0x40
 420 00e5 73000000 		.4byte	0x73
 421 00e9 00000000 		.4byte	.LFB64
 422 00ed 44010000 		.4byte	.LFE64-.LFB64
 423 00f1 01       		.uleb128 0x1
 424 00f2 9C       		.byte	0x9c
 425 00f3 EF030000 		.4byte	0x3ef
 426 00f7 08       		.uleb128 0x8
 427 00f8 00000000 		.4byte	.LASF21
 428 00fc 01       		.byte	0x1
 429 00fd 4B       		.byte	0x4b
 430 00fe EF030000 		.4byte	0x3ef
 431 0102 02       		.uleb128 0x2
 432 0103 91       		.byte	0x91
 433 0104 44       		.sleb128 -60
 434 0105 08       		.uleb128 0x8
ARM GAS  C:\Users\gaeta\AppData\Local\Temp\cclFtVJX.s 			page 13


 435 0106 7D020000 		.4byte	.LASF22
 436 010a 01       		.byte	0x1
 437 010b 5E       		.byte	0x5e
 438 010c 81000000 		.4byte	0x81
 439 0110 02       		.uleb128 0x2
 440 0111 91       		.byte	0x91
 441 0112 43       		.sleb128 -61
 442 0113 09       		.uleb128 0x9
 443 0114 FF010000 		.4byte	.LASF23
 444 0118 01       		.byte	0x1
 445 0119 5F       		.byte	0x5f
 446 011a C5000000 		.4byte	0xc5
 447 011e 00000000 		.4byte	.LLST0
 448 0122 08       		.uleb128 0x8
 449 0123 A8010000 		.4byte	.LASF24
 450 0127 01       		.byte	0x1
 451 0128 70       		.byte	0x70
 452 0129 81000000 		.4byte	0x81
 453 012d 02       		.uleb128 0x2
 454 012e 91       		.byte	0x91
 455 012f 42       		.sleb128 -62
 456 0130 08       		.uleb128 0x8
 457 0131 DE010000 		.4byte	.LASF25
 458 0135 01       		.byte	0x1
 459 0136 AD       		.byte	0xad
 460 0137 81000000 		.4byte	0x81
 461 013b 02       		.uleb128 0x2
 462 013c 91       		.byte	0x91
 463 013d 41       		.sleb128 -63
 464 013e 0A       		.uleb128 0xa
 465 013f 14000000 		.4byte	.LBB2
 466 0143 22000000 		.4byte	.LBE2-.LBB2
 467 0147 A0010000 		.4byte	0x1a0
 468 014b 0B       		.uleb128 0xb
 469 014c 6900     		.ascii	"i\000"
 470 014e 01       		.byte	0x1
 471 014f 4E       		.byte	0x4e
 472 0150 73000000 		.4byte	0x73
 473 0154 76000000 		.4byte	.LLST1
 474 0158 0C       		.uleb128 0xc
 475 0159 1E000000 		.4byte	.LVL4
 476 015d 10040000 		.4byte	0x410
 477 0161 6C010000 		.4byte	0x16c
 478 0165 0D       		.uleb128 0xd
 479 0166 01       		.uleb128 0x1
 480 0167 50       		.byte	0x50
 481 0168 02       		.uleb128 0x2
 482 0169 74       		.byte	0x74
 483 016a 00       		.sleb128 0
 484 016b 00       		.byte	0
 485 016c 0C       		.uleb128 0xc
 486 016d 2A000000 		.4byte	.LVL5
 487 0171 1B040000 		.4byte	0x41b
 488 0175 8F010000 		.4byte	0x18f
 489 0179 0D       		.uleb128 0xd
 490 017a 01       		.uleb128 0x1
 491 017b 50       		.byte	0x50
ARM GAS  C:\Users\gaeta\AppData\Local\Temp\cclFtVJX.s 			page 14


 492 017c 02       		.uleb128 0x2
 493 017d 91       		.byte	0x91
 494 017e 44       		.sleb128 -60
 495 017f 0D       		.uleb128 0xd
 496 0180 01       		.uleb128 0x1
 497 0181 51       		.byte	0x51
 498 0182 05       		.uleb128 0x5
 499 0183 03       		.byte	0x3
 500 0184 00000000 		.4byte	.LC0
 501 0188 0D       		.uleb128 0xd
 502 0189 01       		.uleb128 0x1
 503 018a 52       		.byte	0x52
 504 018b 02       		.uleb128 0x2
 505 018c 74       		.byte	0x74
 506 018d 00       		.sleb128 0
 507 018e 00       		.byte	0
 508 018f 0E       		.uleb128 0xe
 509 0190 30000000 		.4byte	.LVL6
 510 0194 26040000 		.4byte	0x426
 511 0198 0D       		.uleb128 0xd
 512 0199 01       		.uleb128 0x1
 513 019a 50       		.byte	0x50
 514 019b 02       		.uleb128 0x2
 515 019c 91       		.byte	0x91
 516 019d 44       		.sleb128 -60
 517 019e 00       		.byte	0
 518 019f 00       		.byte	0
 519 01a0 0F       		.uleb128 0xf
 520 01a1 0A000000 		.4byte	.LVL0
 521 01a5 31040000 		.4byte	0x431
 522 01a9 0F       		.uleb128 0xf
 523 01aa 0E000000 		.4byte	.LVL1
 524 01ae 3C040000 		.4byte	0x43c
 525 01b2 0C       		.uleb128 0xc
 526 01b3 14000000 		.4byte	.LVL2
 527 01b7 47040000 		.4byte	0x447
 528 01bb C5010000 		.4byte	0x1c5
 529 01bf 0D       		.uleb128 0xd
 530 01c0 01       		.uleb128 0x1
 531 01c1 50       		.byte	0x50
 532 01c2 01       		.uleb128 0x1
 533 01c3 35       		.byte	0x35
 534 01c4 00       		.byte	0
 535 01c5 0C       		.uleb128 0xc
 536 01c6 42000000 		.4byte	.LVL8
 537 01ca 52040000 		.4byte	0x452
 538 01ce E3010000 		.4byte	0x1e3
 539 01d2 0D       		.uleb128 0xd
 540 01d3 01       		.uleb128 0x1
 541 01d4 50       		.byte	0x50
 542 01d5 01       		.uleb128 0x1
 543 01d6 48       		.byte	0x48
 544 01d7 0D       		.uleb128 0xd
 545 01d8 01       		.uleb128 0x1
 546 01d9 51       		.byte	0x51
 547 01da 01       		.uleb128 0x1
 548 01db 3F       		.byte	0x3f
ARM GAS  C:\Users\gaeta\AppData\Local\Temp\cclFtVJX.s 			page 15


 549 01dc 0D       		.uleb128 0xd
 550 01dd 01       		.uleb128 0x1
 551 01de 52       		.byte	0x52
 552 01df 02       		.uleb128 0x2
 553 01e0 91       		.byte	0x91
 554 01e1 43       		.sleb128 -61
 555 01e2 00       		.byte	0
 556 01e3 0C       		.uleb128 0xc
 557 01e4 50000000 		.4byte	.LVL10
 558 01e8 1B040000 		.4byte	0x41b
 559 01ec 00020000 		.4byte	0x200
 560 01f0 0D       		.uleb128 0xd
 561 01f1 01       		.uleb128 0x1
 562 01f2 50       		.byte	0x50
 563 01f3 02       		.uleb128 0x2
 564 01f4 91       		.byte	0x91
 565 01f5 44       		.sleb128 -60
 566 01f6 0D       		.uleb128 0xd
 567 01f7 01       		.uleb128 0x1
 568 01f8 51       		.byte	0x51
 569 01f9 05       		.uleb128 0x5
 570 01fa 03       		.byte	0x3
 571 01fb 20000000 		.4byte	.LC1
 572 01ff 00       		.byte	0
 573 0200 0C       		.uleb128 0xc
 574 0201 56000000 		.4byte	.LVL11
 575 0205 26040000 		.4byte	0x426
 576 0209 14020000 		.4byte	0x214
 577 020d 0D       		.uleb128 0xd
 578 020e 01       		.uleb128 0x1
 579 020f 50       		.byte	0x50
 580 0210 02       		.uleb128 0x2
 581 0211 91       		.byte	0x91
 582 0212 44       		.sleb128 -60
 583 0213 00       		.byte	0
 584 0214 0C       		.uleb128 0xc
 585 0215 5E000000 		.4byte	.LVL14
 586 0219 26040000 		.4byte	0x426
 587 021d 2B020000 		.4byte	0x22b
 588 0221 0D       		.uleb128 0xd
 589 0222 01       		.uleb128 0x1
 590 0223 50       		.byte	0x50
 591 0224 05       		.uleb128 0x5
 592 0225 03       		.byte	0x3
 593 0226 48000000 		.4byte	.LC2
 594 022a 00       		.byte	0
 595 022b 0C       		.uleb128 0xc
 596 022c 6A000000 		.4byte	.LVL15
 597 0230 52040000 		.4byte	0x452
 598 0234 4A020000 		.4byte	0x24a
 599 0238 0D       		.uleb128 0xd
 600 0239 01       		.uleb128 0x1
 601 023a 50       		.byte	0x50
 602 023b 01       		.uleb128 0x1
 603 023c 48       		.byte	0x48
 604 023d 0D       		.uleb128 0xd
 605 023e 01       		.uleb128 0x1
ARM GAS  C:\Users\gaeta\AppData\Local\Temp\cclFtVJX.s 			page 16


 606 023f 51       		.byte	0x51
 607 0240 02       		.uleb128 0x2
 608 0241 08       		.byte	0x8
 609 0242 20       		.byte	0x20
 610 0243 0D       		.uleb128 0xd
 611 0244 01       		.uleb128 0x1
 612 0245 52       		.byte	0x52
 613 0246 02       		.uleb128 0x2
 614 0247 91       		.byte	0x91
 615 0248 42       		.sleb128 -62
 616 0249 00       		.byte	0
 617 024a 0C       		.uleb128 0xc
 618 024b 78000000 		.4byte	.LVL17
 619 024f 1B040000 		.4byte	0x41b
 620 0253 67020000 		.4byte	0x267
 621 0257 0D       		.uleb128 0xd
 622 0258 01       		.uleb128 0x1
 623 0259 50       		.byte	0x50
 624 025a 02       		.uleb128 0x2
 625 025b 91       		.byte	0x91
 626 025c 44       		.sleb128 -60
 627 025d 0D       		.uleb128 0xd
 628 025e 01       		.uleb128 0x1
 629 025f 51       		.byte	0x51
 630 0260 05       		.uleb128 0x5
 631 0261 03       		.byte	0x3
 632 0262 6C000000 		.4byte	.LC3
 633 0266 00       		.byte	0
 634 0267 0C       		.uleb128 0xc
 635 0268 7E000000 		.4byte	.LVL18
 636 026c 26040000 		.4byte	0x426
 637 0270 7B020000 		.4byte	0x27b
 638 0274 0D       		.uleb128 0xd
 639 0275 01       		.uleb128 0x1
 640 0276 50       		.byte	0x50
 641 0277 02       		.uleb128 0x2
 642 0278 91       		.byte	0x91
 643 0279 44       		.sleb128 -60
 644 027a 00       		.byte	0
 645 027b 0C       		.uleb128 0xc
 646 027c 86000000 		.4byte	.LVL21
 647 0280 26040000 		.4byte	0x426
 648 0284 92020000 		.4byte	0x292
 649 0288 0D       		.uleb128 0xd
 650 0289 01       		.uleb128 0x1
 651 028a 50       		.byte	0x50
 652 028b 05       		.uleb128 0x5
 653 028c 03       		.byte	0x3
 654 028d 8C000000 		.4byte	.LC4
 655 0291 00       		.byte	0
 656 0292 0C       		.uleb128 0xc
 657 0293 8C000000 		.4byte	.LVL22
 658 0297 26040000 		.4byte	0x426
 659 029b A9020000 		.4byte	0x2a9
 660 029f 0D       		.uleb128 0xd
 661 02a0 01       		.uleb128 0x1
 662 02a1 50       		.byte	0x50
ARM GAS  C:\Users\gaeta\AppData\Local\Temp\cclFtVJX.s 			page 17


 663 02a2 05       		.uleb128 0x5
 664 02a3 03       		.byte	0x3
 665 02a4 C8000000 		.4byte	.LC5
 666 02a8 00       		.byte	0
 667 02a9 0C       		.uleb128 0xc
 668 02aa A2000000 		.4byte	.LVL23
 669 02ae 5D040000 		.4byte	0x45d
 670 02b2 C8020000 		.4byte	0x2c8
 671 02b6 0D       		.uleb128 0xd
 672 02b7 01       		.uleb128 0x1
 673 02b8 50       		.byte	0x50
 674 02b9 01       		.uleb128 0x1
 675 02ba 48       		.byte	0x48
 676 02bb 0D       		.uleb128 0xd
 677 02bc 01       		.uleb128 0x1
 678 02bd 51       		.byte	0x51
 679 02be 02       		.uleb128 0x2
 680 02bf 08       		.byte	0x8
 681 02c0 20       		.byte	0x20
 682 02c1 0D       		.uleb128 0xd
 683 02c2 01       		.uleb128 0x1
 684 02c3 52       		.byte	0x52
 685 02c4 02       		.uleb128 0x2
 686 02c5 08       		.byte	0x8
 687 02c6 57       		.byte	0x57
 688 02c7 00       		.byte	0
 689 02c8 0C       		.uleb128 0xc
 690 02c9 B0000000 		.4byte	.LVL25
 691 02cd 1B040000 		.4byte	0x41b
 692 02d1 E5020000 		.4byte	0x2e5
 693 02d5 0D       		.uleb128 0xd
 694 02d6 01       		.uleb128 0x1
 695 02d7 50       		.byte	0x50
 696 02d8 02       		.uleb128 0x2
 697 02d9 91       		.byte	0x91
 698 02da 44       		.sleb128 -60
 699 02db 0D       		.uleb128 0xd
 700 02dc 01       		.uleb128 0x1
 701 02dd 51       		.byte	0x51
 702 02de 05       		.uleb128 0x5
 703 02df 03       		.byte	0x3
 704 02e0 E4000000 		.4byte	.LC6
 705 02e4 00       		.byte	0
 706 02e5 0C       		.uleb128 0xc
 707 02e6 B6000000 		.4byte	.LVL26
 708 02ea 26040000 		.4byte	0x426
 709 02ee F9020000 		.4byte	0x2f9
 710 02f2 0D       		.uleb128 0xd
 711 02f3 01       		.uleb128 0x1
 712 02f4 50       		.byte	0x50
 713 02f5 02       		.uleb128 0x2
 714 02f6 91       		.byte	0x91
 715 02f7 44       		.sleb128 -60
 716 02f8 00       		.byte	0
 717 02f9 0C       		.uleb128 0xc
 718 02fa BE000000 		.4byte	.LVL29
 719 02fe 26040000 		.4byte	0x426
ARM GAS  C:\Users\gaeta\AppData\Local\Temp\cclFtVJX.s 			page 18


 720 0302 10030000 		.4byte	0x310
 721 0306 0D       		.uleb128 0xd
 722 0307 01       		.uleb128 0x1
 723 0308 50       		.byte	0x50
 724 0309 05       		.uleb128 0x5
 725 030a 03       		.byte	0x3
 726 030b 1C010000 		.4byte	.LC7
 727 030f 00       		.byte	0
 728 0310 0C       		.uleb128 0xc
 729 0311 CA000000 		.4byte	.LVL30
 730 0315 52040000 		.4byte	0x452
 731 0319 2F030000 		.4byte	0x32f
 732 031d 0D       		.uleb128 0xd
 733 031e 01       		.uleb128 0x1
 734 031f 50       		.byte	0x50
 735 0320 01       		.uleb128 0x1
 736 0321 48       		.byte	0x48
 737 0322 0D       		.uleb128 0xd
 738 0323 01       		.uleb128 0x1
 739 0324 51       		.byte	0x51
 740 0325 02       		.uleb128 0x2
 741 0326 08       		.byte	0x8
 742 0327 20       		.byte	0x20
 743 0328 0D       		.uleb128 0xd
 744 0329 01       		.uleb128 0x1
 745 032a 52       		.byte	0x52
 746 032b 02       		.uleb128 0x2
 747 032c 91       		.byte	0x91
 748 032d 42       		.sleb128 -62
 749 032e 00       		.byte	0
 750 032f 0C       		.uleb128 0xc
 751 0330 D8000000 		.4byte	.LVL32
 752 0334 1B040000 		.4byte	0x41b
 753 0338 4C030000 		.4byte	0x34c
 754 033c 0D       		.uleb128 0xd
 755 033d 01       		.uleb128 0x1
 756 033e 50       		.byte	0x50
 757 033f 02       		.uleb128 0x2
 758 0340 91       		.byte	0x91
 759 0341 44       		.sleb128 -60
 760 0342 0D       		.uleb128 0xd
 761 0343 01       		.uleb128 0x1
 762 0344 51       		.byte	0x51
 763 0345 05       		.uleb128 0x5
 764 0346 03       		.byte	0x3
 765 0347 58010000 		.4byte	.LC8
 766 034b 00       		.byte	0
 767 034c 0C       		.uleb128 0xc
 768 034d DE000000 		.4byte	.LVL33
 769 0351 26040000 		.4byte	0x426
 770 0355 60030000 		.4byte	0x360
 771 0359 0D       		.uleb128 0xd
 772 035a 01       		.uleb128 0x1
 773 035b 50       		.byte	0x50
 774 035c 02       		.uleb128 0x2
 775 035d 91       		.byte	0x91
 776 035e 44       		.sleb128 -60
ARM GAS  C:\Users\gaeta\AppData\Local\Temp\cclFtVJX.s 			page 19


 777 035f 00       		.byte	0
 778 0360 0C       		.uleb128 0xc
 779 0361 E6000000 		.4byte	.LVL36
 780 0365 26040000 		.4byte	0x426
 781 0369 77030000 		.4byte	0x377
 782 036d 0D       		.uleb128 0xd
 783 036e 01       		.uleb128 0x1
 784 036f 50       		.byte	0x50
 785 0370 05       		.uleb128 0x5
 786 0371 03       		.byte	0x3
 787 0372 8C000000 		.4byte	.LC4
 788 0376 00       		.byte	0
 789 0377 0C       		.uleb128 0xc
 790 0378 F2000000 		.4byte	.LVL37
 791 037c 52040000 		.4byte	0x452
 792 0380 96030000 		.4byte	0x396
 793 0384 0D       		.uleb128 0xd
 794 0385 01       		.uleb128 0x1
 795 0386 50       		.byte	0x50
 796 0387 01       		.uleb128 0x1
 797 0388 48       		.byte	0x48
 798 0389 0D       		.uleb128 0xd
 799 038a 01       		.uleb128 0x1
 800 038b 51       		.byte	0x51
 801 038c 02       		.uleb128 0x2
 802 038d 08       		.byte	0x8
 803 038e 27       		.byte	0x27
 804 038f 0D       		.uleb128 0xd
 805 0390 01       		.uleb128 0x1
 806 0391 52       		.byte	0x52
 807 0392 02       		.uleb128 0x2
 808 0393 91       		.byte	0x91
 809 0394 41       		.sleb128 -63
 810 0395 00       		.byte	0
 811 0396 0C       		.uleb128 0xc
 812 0397 00010000 		.4byte	.LVL39
 813 039b 1B040000 		.4byte	0x41b
 814 039f B3030000 		.4byte	0x3b3
 815 03a3 0D       		.uleb128 0xd
 816 03a4 01       		.uleb128 0x1
 817 03a5 50       		.byte	0x50
 818 03a6 02       		.uleb128 0x2
 819 03a7 91       		.byte	0x91
 820 03a8 44       		.sleb128 -60
 821 03a9 0D       		.uleb128 0xd
 822 03aa 01       		.uleb128 0x1
 823 03ab 51       		.byte	0x51
 824 03ac 05       		.uleb128 0x5
 825 03ad 03       		.byte	0x3
 826 03ae 90010000 		.4byte	.LC9
 827 03b2 00       		.byte	0
 828 03b3 0C       		.uleb128 0xc
 829 03b4 06010000 		.4byte	.LVL40
 830 03b8 26040000 		.4byte	0x426
 831 03bc C7030000 		.4byte	0x3c7
 832 03c0 0D       		.uleb128 0xd
 833 03c1 01       		.uleb128 0x1
ARM GAS  C:\Users\gaeta\AppData\Local\Temp\cclFtVJX.s 			page 20


 834 03c2 50       		.byte	0x50
 835 03c3 02       		.uleb128 0x2
 836 03c4 91       		.byte	0x91
 837 03c5 44       		.sleb128 -60
 838 03c6 00       		.byte	0
 839 03c7 0C       		.uleb128 0xc
 840 03c8 0E010000 		.4byte	.LVL43
 841 03cc 26040000 		.4byte	0x426
 842 03d0 DE030000 		.4byte	0x3de
 843 03d4 0D       		.uleb128 0xd
 844 03d5 01       		.uleb128 0x1
 845 03d6 50       		.byte	0x50
 846 03d7 05       		.uleb128 0x5
 847 03d8 03       		.byte	0x3
 848 03d9 AC010000 		.4byte	.LC10
 849 03dd 00       		.byte	0
 850 03de 0E       		.uleb128 0xe
 851 03df 14010000 		.4byte	.LVL44
 852 03e3 47040000 		.4byte	0x447
 853 03e7 0D       		.uleb128 0xd
 854 03e8 01       		.uleb128 0x1
 855 03e9 50       		.byte	0x50
 856 03ea 02       		.uleb128 0x2
 857 03eb 08       		.byte	0x8
 858 03ec 64       		.byte	0x64
 859 03ed 00       		.byte	0
 860 03ee 00       		.byte	0
 861 03ef 10       		.uleb128 0x10
 862 03f0 A5000000 		.4byte	0xa5
 863 03f4 FF030000 		.4byte	0x3ff
 864 03f8 11       		.uleb128 0x11
 865 03f9 D7000000 		.4byte	0xd7
 866 03fd 31       		.byte	0x31
 867 03fe 00       		.byte	0
 868 03ff 12       		.uleb128 0x12
 869 0400 5D010000 		.4byte	.LASF38
 870 0404 09       		.byte	0x9
 871 0405 1207     		.2byte	0x712
 872 0407 0B040000 		.4byte	0x40b
 873 040b 13       		.uleb128 0x13
 874 040c 8C000000 		.4byte	0x8c
 875 0410 14       		.uleb128 0x14
 876 0411 12000000 		.4byte	.LASF26
 877 0415 12000000 		.4byte	.LASF26
 878 0419 05       		.byte	0x5
 879 041a 5D       		.byte	0x5d
 880 041b 14       		.uleb128 0x14
 881 041c 8A020000 		.4byte	.LASF27
 882 0420 8A020000 		.4byte	.LASF27
 883 0424 06       		.byte	0x6
 884 0425 E7       		.byte	0xe7
 885 0426 14       		.uleb128 0x14
 886 0427 71010000 		.4byte	.LASF28
 887 042b 71010000 		.4byte	.LASF28
 888 042f 07       		.byte	0x7
 889 0430 8B       		.byte	0x8b
 890 0431 14       		.uleb128 0x14
ARM GAS  C:\Users\gaeta\AppData\Local\Temp\cclFtVJX.s 			page 21


 891 0432 9A020000 		.4byte	.LASF29
 892 0436 9A020000 		.4byte	.LASF29
 893 043a 05       		.byte	0x5
 894 043b 17       		.byte	0x17
 895 043c 14       		.uleb128 0x14
 896 043d 13020000 		.4byte	.LASF30
 897 0441 13020000 		.4byte	.LASF30
 898 0445 07       		.byte	0x7
 899 0446 54       		.byte	0x54
 900 0447 14       		.uleb128 0x14
 901 0448 92020000 		.4byte	.LASF31
 902 044c 92020000 		.4byte	.LASF31
 903 0450 08       		.byte	0x8
 904 0451 76       		.byte	0x76
 905 0452 14       		.uleb128 0x14
 906 0453 30020000 		.4byte	.LASF32
 907 0457 30020000 		.4byte	.LASF32
 908 045b 05       		.byte	0x5
 909 045c 28       		.byte	0x28
 910 045d 14       		.uleb128 0x14
 911 045e 86010000 		.4byte	.LASF33
 912 0462 86010000 		.4byte	.LASF33
 913 0466 05       		.byte	0x5
 914 0467 43       		.byte	0x43
 915 0468 00       		.byte	0
 916              		.section	.debug_abbrev,"",%progbits
 917              	.Ldebug_abbrev0:
 918 0000 01       		.uleb128 0x1
 919 0001 11       		.uleb128 0x11
 920 0002 01       		.byte	0x1
 921 0003 25       		.uleb128 0x25
 922 0004 0E       		.uleb128 0xe
 923 0005 13       		.uleb128 0x13
 924 0006 0B       		.uleb128 0xb
 925 0007 03       		.uleb128 0x3
 926 0008 0E       		.uleb128 0xe
 927 0009 1B       		.uleb128 0x1b
 928 000a 0E       		.uleb128 0xe
 929 000b 55       		.uleb128 0x55
 930 000c 17       		.uleb128 0x17
 931 000d 11       		.uleb128 0x11
 932 000e 01       		.uleb128 0x1
 933 000f 10       		.uleb128 0x10
 934 0010 17       		.uleb128 0x17
 935 0011 00       		.byte	0
 936 0012 00       		.byte	0
 937 0013 02       		.uleb128 0x2
 938 0014 24       		.uleb128 0x24
 939 0015 00       		.byte	0
 940 0016 0B       		.uleb128 0xb
 941 0017 0B       		.uleb128 0xb
 942 0018 3E       		.uleb128 0x3e
 943 0019 0B       		.uleb128 0xb
 944 001a 03       		.uleb128 0x3
 945 001b 0E       		.uleb128 0xe
 946 001c 00       		.byte	0
 947 001d 00       		.byte	0
ARM GAS  C:\Users\gaeta\AppData\Local\Temp\cclFtVJX.s 			page 22


 948 001e 03       		.uleb128 0x3
 949 001f 16       		.uleb128 0x16
 950 0020 00       		.byte	0
 951 0021 03       		.uleb128 0x3
 952 0022 0E       		.uleb128 0xe
 953 0023 3A       		.uleb128 0x3a
 954 0024 0B       		.uleb128 0xb
 955 0025 3B       		.uleb128 0x3b
 956 0026 0B       		.uleb128 0xb
 957 0027 49       		.uleb128 0x49
 958 0028 13       		.uleb128 0x13
 959 0029 00       		.byte	0
 960 002a 00       		.byte	0
 961 002b 04       		.uleb128 0x4
 962 002c 24       		.uleb128 0x24
 963 002d 00       		.byte	0
 964 002e 0B       		.uleb128 0xb
 965 002f 0B       		.uleb128 0xb
 966 0030 3E       		.uleb128 0x3e
 967 0031 0B       		.uleb128 0xb
 968 0032 03       		.uleb128 0x3
 969 0033 08       		.uleb128 0x8
 970 0034 00       		.byte	0
 971 0035 00       		.byte	0
 972 0036 05       		.uleb128 0x5
 973 0037 04       		.uleb128 0x4
 974 0038 01       		.byte	0x1
 975 0039 0B       		.uleb128 0xb
 976 003a 0B       		.uleb128 0xb
 977 003b 49       		.uleb128 0x49
 978 003c 13       		.uleb128 0x13
 979 003d 3A       		.uleb128 0x3a
 980 003e 0B       		.uleb128 0xb
 981 003f 3B       		.uleb128 0x3b
 982 0040 0B       		.uleb128 0xb
 983 0041 01       		.uleb128 0x1
 984 0042 13       		.uleb128 0x13
 985 0043 00       		.byte	0
 986 0044 00       		.byte	0
 987 0045 06       		.uleb128 0x6
 988 0046 28       		.uleb128 0x28
 989 0047 00       		.byte	0
 990 0048 03       		.uleb128 0x3
 991 0049 0E       		.uleb128 0xe
 992 004a 1C       		.uleb128 0x1c
 993 004b 0B       		.uleb128 0xb
 994 004c 00       		.byte	0
 995 004d 00       		.byte	0
 996 004e 07       		.uleb128 0x7
 997 004f 2E       		.uleb128 0x2e
 998 0050 01       		.byte	0x1
 999 0051 3F       		.uleb128 0x3f
 1000 0052 19       		.uleb128 0x19
 1001 0053 03       		.uleb128 0x3
 1002 0054 0E       		.uleb128 0xe
 1003 0055 3A       		.uleb128 0x3a
 1004 0056 0B       		.uleb128 0xb
ARM GAS  C:\Users\gaeta\AppData\Local\Temp\cclFtVJX.s 			page 23


 1005 0057 3B       		.uleb128 0x3b
 1006 0058 0B       		.uleb128 0xb
 1007 0059 27       		.uleb128 0x27
 1008 005a 19       		.uleb128 0x19
 1009 005b 49       		.uleb128 0x49
 1010 005c 13       		.uleb128 0x13
 1011 005d 8701     		.uleb128 0x87
 1012 005f 19       		.uleb128 0x19
 1013 0060 11       		.uleb128 0x11
 1014 0061 01       		.uleb128 0x1
 1015 0062 12       		.uleb128 0x12
 1016 0063 06       		.uleb128 0x6
 1017 0064 40       		.uleb128 0x40
 1018 0065 18       		.uleb128 0x18
 1019 0066 9742     		.uleb128 0x2117
 1020 0068 19       		.uleb128 0x19
 1021 0069 01       		.uleb128 0x1
 1022 006a 13       		.uleb128 0x13
 1023 006b 00       		.byte	0
 1024 006c 00       		.byte	0
 1025 006d 08       		.uleb128 0x8
 1026 006e 34       		.uleb128 0x34
 1027 006f 00       		.byte	0
 1028 0070 03       		.uleb128 0x3
 1029 0071 0E       		.uleb128 0xe
 1030 0072 3A       		.uleb128 0x3a
 1031 0073 0B       		.uleb128 0xb
 1032 0074 3B       		.uleb128 0x3b
 1033 0075 0B       		.uleb128 0xb
 1034 0076 49       		.uleb128 0x49
 1035 0077 13       		.uleb128 0x13
 1036 0078 02       		.uleb128 0x2
 1037 0079 18       		.uleb128 0x18
 1038 007a 00       		.byte	0
 1039 007b 00       		.byte	0
 1040 007c 09       		.uleb128 0x9
 1041 007d 34       		.uleb128 0x34
 1042 007e 00       		.byte	0
 1043 007f 03       		.uleb128 0x3
 1044 0080 0E       		.uleb128 0xe
 1045 0081 3A       		.uleb128 0x3a
 1046 0082 0B       		.uleb128 0xb
 1047 0083 3B       		.uleb128 0x3b
 1048 0084 0B       		.uleb128 0xb
 1049 0085 49       		.uleb128 0x49
 1050 0086 13       		.uleb128 0x13
 1051 0087 02       		.uleb128 0x2
 1052 0088 17       		.uleb128 0x17
 1053 0089 00       		.byte	0
 1054 008a 00       		.byte	0
 1055 008b 0A       		.uleb128 0xa
 1056 008c 0B       		.uleb128 0xb
 1057 008d 01       		.byte	0x1
 1058 008e 11       		.uleb128 0x11
 1059 008f 01       		.uleb128 0x1
 1060 0090 12       		.uleb128 0x12
 1061 0091 06       		.uleb128 0x6
ARM GAS  C:\Users\gaeta\AppData\Local\Temp\cclFtVJX.s 			page 24


 1062 0092 01       		.uleb128 0x1
 1063 0093 13       		.uleb128 0x13
 1064 0094 00       		.byte	0
 1065 0095 00       		.byte	0
 1066 0096 0B       		.uleb128 0xb
 1067 0097 34       		.uleb128 0x34
 1068 0098 00       		.byte	0
 1069 0099 03       		.uleb128 0x3
 1070 009a 08       		.uleb128 0x8
 1071 009b 3A       		.uleb128 0x3a
 1072 009c 0B       		.uleb128 0xb
 1073 009d 3B       		.uleb128 0x3b
 1074 009e 0B       		.uleb128 0xb
 1075 009f 49       		.uleb128 0x49
 1076 00a0 13       		.uleb128 0x13
 1077 00a1 02       		.uleb128 0x2
 1078 00a2 17       		.uleb128 0x17
 1079 00a3 00       		.byte	0
 1080 00a4 00       		.byte	0
 1081 00a5 0C       		.uleb128 0xc
 1082 00a6 898201   		.uleb128 0x4109
 1083 00a9 01       		.byte	0x1
 1084 00aa 11       		.uleb128 0x11
 1085 00ab 01       		.uleb128 0x1
 1086 00ac 31       		.uleb128 0x31
 1087 00ad 13       		.uleb128 0x13
 1088 00ae 01       		.uleb128 0x1
 1089 00af 13       		.uleb128 0x13
 1090 00b0 00       		.byte	0
 1091 00b1 00       		.byte	0
 1092 00b2 0D       		.uleb128 0xd
 1093 00b3 8A8201   		.uleb128 0x410a
 1094 00b6 00       		.byte	0
 1095 00b7 02       		.uleb128 0x2
 1096 00b8 18       		.uleb128 0x18
 1097 00b9 9142     		.uleb128 0x2111
 1098 00bb 18       		.uleb128 0x18
 1099 00bc 00       		.byte	0
 1100 00bd 00       		.byte	0
 1101 00be 0E       		.uleb128 0xe
 1102 00bf 898201   		.uleb128 0x4109
 1103 00c2 01       		.byte	0x1
 1104 00c3 11       		.uleb128 0x11
 1105 00c4 01       		.uleb128 0x1
 1106 00c5 31       		.uleb128 0x31
 1107 00c6 13       		.uleb128 0x13
 1108 00c7 00       		.byte	0
 1109 00c8 00       		.byte	0
 1110 00c9 0F       		.uleb128 0xf
 1111 00ca 898201   		.uleb128 0x4109
 1112 00cd 00       		.byte	0
 1113 00ce 11       		.uleb128 0x11
 1114 00cf 01       		.uleb128 0x1
 1115 00d0 31       		.uleb128 0x31
 1116 00d1 13       		.uleb128 0x13
 1117 00d2 00       		.byte	0
 1118 00d3 00       		.byte	0
ARM GAS  C:\Users\gaeta\AppData\Local\Temp\cclFtVJX.s 			page 25


 1119 00d4 10       		.uleb128 0x10
 1120 00d5 01       		.uleb128 0x1
 1121 00d6 01       		.byte	0x1
 1122 00d7 49       		.uleb128 0x49
 1123 00d8 13       		.uleb128 0x13
 1124 00d9 01       		.uleb128 0x1
 1125 00da 13       		.uleb128 0x13
 1126 00db 00       		.byte	0
 1127 00dc 00       		.byte	0
 1128 00dd 11       		.uleb128 0x11
 1129 00de 21       		.uleb128 0x21
 1130 00df 00       		.byte	0
 1131 00e0 49       		.uleb128 0x49
 1132 00e1 13       		.uleb128 0x13
 1133 00e2 2F       		.uleb128 0x2f
 1134 00e3 0B       		.uleb128 0xb
 1135 00e4 00       		.byte	0
 1136 00e5 00       		.byte	0
 1137 00e6 12       		.uleb128 0x12
 1138 00e7 34       		.uleb128 0x34
 1139 00e8 00       		.byte	0
 1140 00e9 03       		.uleb128 0x3
 1141 00ea 0E       		.uleb128 0xe
 1142 00eb 3A       		.uleb128 0x3a
 1143 00ec 0B       		.uleb128 0xb
 1144 00ed 3B       		.uleb128 0x3b
 1145 00ee 05       		.uleb128 0x5
 1146 00ef 49       		.uleb128 0x49
 1147 00f0 13       		.uleb128 0x13
 1148 00f1 3F       		.uleb128 0x3f
 1149 00f2 19       		.uleb128 0x19
 1150 00f3 3C       		.uleb128 0x3c
 1151 00f4 19       		.uleb128 0x19
 1152 00f5 00       		.byte	0
 1153 00f6 00       		.byte	0
 1154 00f7 13       		.uleb128 0x13
 1155 00f8 35       		.uleb128 0x35
 1156 00f9 00       		.byte	0
 1157 00fa 49       		.uleb128 0x49
 1158 00fb 13       		.uleb128 0x13
 1159 00fc 00       		.byte	0
 1160 00fd 00       		.byte	0
 1161 00fe 14       		.uleb128 0x14
 1162 00ff 2E       		.uleb128 0x2e
 1163 0100 00       		.byte	0
 1164 0101 3F       		.uleb128 0x3f
 1165 0102 19       		.uleb128 0x19
 1166 0103 3C       		.uleb128 0x3c
 1167 0104 19       		.uleb128 0x19
 1168 0105 6E       		.uleb128 0x6e
 1169 0106 0E       		.uleb128 0xe
 1170 0107 03       		.uleb128 0x3
 1171 0108 0E       		.uleb128 0xe
 1172 0109 3A       		.uleb128 0x3a
 1173 010a 0B       		.uleb128 0xb
 1174 010b 3B       		.uleb128 0x3b
 1175 010c 0B       		.uleb128 0xb
ARM GAS  C:\Users\gaeta\AppData\Local\Temp\cclFtVJX.s 			page 26


 1176 010d 00       		.byte	0
 1177 010e 00       		.byte	0
 1178 010f 00       		.byte	0
 1179              		.section	.debug_loc,"",%progbits
 1180              	.Ldebug_loc0:
 1181              	.LLST0:
 1182 0000 42000000 		.4byte	.LVL8
 1183 0004 4C000000 		.4byte	.LVL9
 1184 0008 0100     		.2byte	0x1
 1185 000a 50       		.byte	0x50
 1186 000b 58000000 		.4byte	.LVL12
 1187 000f 5A000000 		.4byte	.LVL13
 1188 0013 0100     		.2byte	0x1
 1189 0015 50       		.byte	0x50
 1190 0016 6A000000 		.4byte	.LVL15
 1191 001a 74000000 		.4byte	.LVL16
 1192 001e 0100     		.2byte	0x1
 1193 0020 50       		.byte	0x50
 1194 0021 80000000 		.4byte	.LVL19
 1195 0025 82000000 		.4byte	.LVL20
 1196 0029 0100     		.2byte	0x1
 1197 002b 50       		.byte	0x50
 1198 002c A2000000 		.4byte	.LVL23
 1199 0030 AC000000 		.4byte	.LVL24
 1200 0034 0100     		.2byte	0x1
 1201 0036 50       		.byte	0x50
 1202 0037 B8000000 		.4byte	.LVL27
 1203 003b BA000000 		.4byte	.LVL28
 1204 003f 0100     		.2byte	0x1
 1205 0041 50       		.byte	0x50
 1206 0042 CA000000 		.4byte	.LVL30
 1207 0046 D4000000 		.4byte	.LVL31
 1208 004a 0100     		.2byte	0x1
 1209 004c 50       		.byte	0x50
 1210 004d E0000000 		.4byte	.LVL34
 1211 0051 E2000000 		.4byte	.LVL35
 1212 0055 0100     		.2byte	0x1
 1213 0057 50       		.byte	0x50
 1214 0058 F2000000 		.4byte	.LVL37
 1215 005c FC000000 		.4byte	.LVL38
 1216 0060 0100     		.2byte	0x1
 1217 0062 50       		.byte	0x50
 1218 0063 08010000 		.4byte	.LVL41
 1219 0067 0A010000 		.4byte	.LVL42
 1220 006b 0100     		.2byte	0x1
 1221 006d 50       		.byte	0x50
 1222 006e 00000000 		.4byte	0
 1223 0072 00000000 		.4byte	0
 1224              	.LLST1:
 1225 0076 14000000 		.4byte	.LVL2
 1226 007a 18000000 		.4byte	.LVL3
 1227 007e 0200     		.2byte	0x2
 1228 0080 30       		.byte	0x30
 1229 0081 9F       		.byte	0x9f
 1230 0082 18000000 		.4byte	.LVL3
 1231 0086 44010000 		.4byte	.LFE64
 1232 008a 0100     		.2byte	0x1
ARM GAS  C:\Users\gaeta\AppData\Local\Temp\cclFtVJX.s 			page 27


 1233 008c 54       		.byte	0x54
 1234 008d 00000000 		.4byte	0
 1235 0091 00000000 		.4byte	0
 1236              		.section	.debug_aranges,"",%progbits
 1237 0000 1C000000 		.4byte	0x1c
 1238 0004 0200     		.2byte	0x2
 1239 0006 00000000 		.4byte	.Ldebug_info0
 1240 000a 04       		.byte	0x4
 1241 000b 00       		.byte	0
 1242 000c 0000     		.2byte	0
 1243 000e 0000     		.2byte	0
 1244 0010 00000000 		.4byte	.LFB64
 1245 0014 44010000 		.4byte	.LFE64-.LFB64
 1246 0018 00000000 		.4byte	0
 1247 001c 00000000 		.4byte	0
 1248              		.section	.debug_ranges,"",%progbits
 1249              	.Ldebug_ranges0:
 1250 0000 00000000 		.4byte	.LFB64
 1251 0004 44010000 		.4byte	.LFE64
 1252 0008 00000000 		.4byte	0
 1253 000c 00000000 		.4byte	0
 1254              		.section	.debug_line,"",%progbits
 1255              	.Ldebug_line0:
 1256 0000 41020000 		.section	.debug_str,"MS",%progbits,1
 1256      0200F001 
 1256      00000201 
 1256      FB0E0D00 
 1256      01010101 
 1257              	.LASF21:
 1258 0000 6D657373 		.ascii	"message\000"
 1258      61676500 
 1259              	.LASF4:
 1260 0008 5F5F7569 		.ascii	"__uint8_t\000"
 1260      6E74385F 
 1260      7400
 1261              	.LASF26:
 1262 0012 4932435F 		.ascii	"I2C_Peripheral_IsDeviceConnected\000"
 1262      50657269 
 1262      70686572 
 1262      616C5F49 
 1262      73446576 
 1263              	.LASF5:
 1264 0033 5F5F696E 		.ascii	"__int32_t\000"
 1264      7433325F 
 1264      7400
 1265              	.LASF6:
 1266 003d 6C6F6E67 		.ascii	"long int\000"
 1266      20696E74 
 1266      00
 1267              	.LASF18:
 1268 0046 4572726F 		.ascii	"ErrorCode\000"
 1268      72436F64 
 1268      6500
 1269              	.LASF36:
 1270 0050 433A5C55 		.ascii	"C:\\Users\\gaeta\\Desktop\\PSoC_03-2\\PSoC_03\\AY19"
 1270      73657273 
 1270      5C676165 
ARM GAS  C:\Users\gaeta\AppData\Local\Temp\cclFtVJX.s 			page 28


 1270      74615C44 
 1270      65736B74 
 1271 007d 32305F49 		.ascii	"20_II_HW_05_PROJ_2.cydsn\000"
 1271      495F4857 
 1271      5F30355F 
 1271      50524F4A 
 1271      5F322E63 
 1272              	.LASF13:
 1273 0096 666C6F61 		.ascii	"float\000"
 1273      7400
 1274              	.LASF1:
 1275 009c 756E7369 		.ascii	"unsigned char\000"
 1275      676E6564 
 1275      20636861 
 1275      7200
 1276              	.LASF34:
 1277 00aa 474E5520 		.ascii	"GNU C11 5.4.1 20160609 (release) [ARM/embedded-5-br"
 1277      43313120 
 1277      352E342E 
 1277      31203230 
 1277      31363036 
 1278 00dd 616E6368 		.ascii	"anch revision 237715] -mcpu=cortex-m3 -mthumb -g -O"
 1278      20726576 
 1278      6973696F 
 1278      6E203233 
 1278      37373135 
 1279 0110 67202D66 		.ascii	"g -ffunction-sections -ffat-lto-objects\000"
 1279      66756E63 
 1279      74696F6E 
 1279      2D736563 
 1279      74696F6E 
 1280              	.LASF7:
 1281 0138 6C6F6E67 		.ascii	"long unsigned int\000"
 1281      20756E73 
 1281      69676E65 
 1281      6420696E 
 1281      7400
 1282              	.LASF3:
 1283 014a 73686F72 		.ascii	"short unsigned int\000"
 1283      7420756E 
 1283      7369676E 
 1283      65642069 
 1283      6E7400
 1284              	.LASF38:
 1285 015d 49544D5F 		.ascii	"ITM_RxBuffer\000"
 1285      52784275 
 1285      66666572 
 1285      00
 1286              	.LASF14:
 1287 016a 646F7562 		.ascii	"double\000"
 1287      6C6500
 1288              	.LASF28:
 1289 0171 55415254 		.ascii	"UART_Debug_PutString\000"
 1289      5F446562 
 1289      75675F50 
 1289      75745374 
 1289      72696E67 
ARM GAS  C:\Users\gaeta\AppData\Local\Temp\cclFtVJX.s 			page 29


 1290              	.LASF33:
 1291 0186 4932435F 		.ascii	"I2C_Peripheral_WriteRegister\000"
 1291      50657269 
 1291      70686572 
 1291      616C5F57 
 1291      72697465 
 1292              	.LASF37:
 1293 01a3 6D61696E 		.ascii	"main\000"
 1293      00
 1294              	.LASF24:
 1295 01a8 6374726C 		.ascii	"ctrl_reg1\000"
 1295      5F726567 
 1295      3100
 1296              	.LASF10:
 1297 01b2 756E7369 		.ascii	"unsigned int\000"
 1297      676E6564 
 1297      20696E74 
 1297      00
 1298              	.LASF9:
 1299 01bf 6C6F6E67 		.ascii	"long long unsigned int\000"
 1299      206C6F6E 
 1299      6720756E 
 1299      7369676E 
 1299      65642069 
 1300              	.LASF11:
 1301 01d6 75696E74 		.ascii	"uint8_t\000"
 1301      385F7400 
 1302              	.LASF25:
 1303 01de 73746174 		.ascii	"status_register\000"
 1303      75735F72 
 1303      65676973 
 1303      74657200 
 1304              	.LASF12:
 1305 01ee 696E7433 		.ascii	"int32_t\000"
 1305      325F7400 
 1306              	.LASF20:
 1307 01f6 73697A65 		.ascii	"sizetype\000"
 1307      74797065 
 1307      00
 1308              	.LASF23:
 1309 01ff 6572726F 		.ascii	"error\000"
 1309      7200
 1310              	.LASF8:
 1311 0205 6C6F6E67 		.ascii	"long long int\000"
 1311      206C6F6E 
 1311      6720696E 
 1311      7400
 1312              	.LASF30:
 1313 0213 55415254 		.ascii	"UART_Debug_Start\000"
 1313      5F446562 
 1313      75675F53 
 1313      74617274 
 1313      00
 1314              	.LASF35:
 1315 0224 6D61696E 		.ascii	"main.c\000"
 1315      2E6300
 1316              	.LASF15:
ARM GAS  C:\Users\gaeta\AppData\Local\Temp\cclFtVJX.s 			page 30


 1317 022b 63686172 		.ascii	"char\000"
 1317      00
 1318              	.LASF32:
 1319 0230 4932435F 		.ascii	"I2C_Peripheral_ReadRegister\000"
 1319      50657269 
 1319      70686572 
 1319      616C5F52 
 1319      65616452 
 1320              	.LASF2:
 1321 024c 73686F72 		.ascii	"short int\000"
 1321      7420696E 
 1321      7400
 1322              	.LASF16:
 1323 0256 4E4F5F45 		.ascii	"NO_ERROR\000"
 1323      52524F52 
 1323      00
 1324              	.LASF17:
 1325 025f 4552524F 		.ascii	"ERROR\000"
 1325      5200
 1326              	.LASF19:
 1327 0265 6C6F6E67 		.ascii	"long double\000"
 1327      20646F75 
 1327      626C6500 
 1328              	.LASF0:
 1329 0271 7369676E 		.ascii	"signed char\000"
 1329      65642063 
 1329      68617200 
 1330              	.LASF22:
 1331 027d 77686F5F 		.ascii	"who_am_i_reg\000"
 1331      616D5F69 
 1331      5F726567 
 1331      00
 1332              	.LASF27:
 1333 028a 73707269 		.ascii	"sprintf\000"
 1333      6E746600 
 1334              	.LASF31:
 1335 0292 43794465 		.ascii	"CyDelay\000"
 1335      6C617900 
 1336              	.LASF29:
 1337 029a 4932435F 		.ascii	"I2C_Peripheral_Start\000"
 1337      50657269 
 1337      70686572 
 1337      616C5F53 
 1337      74617274 
 1338              		.ident	"GCC: (GNU Tools for ARM Embedded Processors) 5.4.1 20160609 (release) [ARM/embedded-5-bran
